[14:13:06] [main/INFO]: Setting user: Player509
[14:13:09] [Client thread/INFO]: LWJGL Version: 2.9.1
[14:13:18] [Client thread/INFO]: Reloading ResourceManager: Default, FMLFileResourcePack:Forge Mod Loader, FMLFileResourcePack:Minecraft Forge, FMLFileResourcePack:Trader
[14:13:19] [Sound Library Loader/INFO]: Sound engine started
[14:13:22] [Client thread/INFO]: Created: 512x256 textures/blocks-atlas
[14:13:22] [Client thread/INFO]: Created: 256x256 textures/items-atlas
[14:13:22] [Client thread/INFO]: Reloading ResourceManager: Default, FMLFileResourcePack:Forge Mod Loader, FMLFileResourcePack:Minecraft Forge, FMLFileResourcePack:Trader
[14:13:23] [Client thread/INFO]: Created: 256x256 textures/items-atlas
[14:13:23] [Client thread/INFO]: Created: 512x256 textures/blocks-atlas
[14:13:24] [Sound Library Loader/INFO]: Sound engine started
[14:13:41] [Server thread/INFO]: Starting integrated minecraft server version 1.7.10
[14:13:41] [Server thread/INFO]: Generating keypair
[14:13:41] [Server thread/INFO]: Converting map!
[14:13:41] [Server thread/INFO]: Scanning folders...
[14:13:41] [Server thread/INFO]: Total conversion count is 0
[14:13:43] [Server thread/INFO]: Preparing start region for level 0
[14:13:44] [Server thread/INFO]: Preparing spawn area: 4%
[14:13:45] [Server thread/INFO]: Preparing spawn area: 6%
[14:13:46] [Server thread/INFO]: Preparing spawn area: 10%
[14:13:47] [Server thread/INFO]: Preparing spawn area: 16%
[14:13:48] [Server thread/INFO]: Preparing spawn area: 23%
[14:13:49] [Server thread/INFO]: Preparing spawn area: 30%
[14:13:50] [Server thread/INFO]: Preparing spawn area: 35%
[14:13:51] [Server thread/INFO]: Preparing spawn area: 42%
[14:13:52] [Server thread/INFO]: Preparing spawn area: 52%
[14:13:53] [Server thread/INFO]: Preparing spawn area: 60%
[14:13:54] [Server thread/INFO]: Preparing spawn area: 69%
[14:13:55] [Server thread/INFO]: Preparing spawn area: 77%
[14:13:56] [Server thread/INFO]: Preparing spawn area: 86%
[14:13:57] [Server thread/INFO]: Preparing spawn area: 96%
[14:13:58] [Server thread/INFO]: Changing view distance to 6, from 10
[14:13:59] [Server thread/INFO]: Player509[local:E:0bc164ed] logged in with entity id 262 at (206.5, 66.0, 242.5)
[14:13:59] [Server thread/INFO]: Player509 joined the game
[14:14:05] [Server thread/WARN]: Can't keep up! Did the system time change, or is the server overloaded? Running 5973ms behind, skipping 119 tick(s)
[14:14:07] [Client thread/INFO]: Warning: Clientside chunk ticking took 586 ms
[14:14:08] [Server thread/INFO]: Player509 has just earned the achievement [Taking Inventory]
[14:14:09] [Client thread/INFO]: Warning: Clientside chunk ticking took 538 ms
[14:14:09] [Client thread/INFO]: [CHAT] Player509 has just earned the achievement [Taking Inventory]
[14:14:11] [Client thread/INFO]: Warning: Clientside chunk ticking took 137 ms
[14:14:13] [Client thread/INFO]: Warning: Clientside chunk ticking took 101 ms
[14:19:41] [Client thread/INFO]: Warning: Clientside chunk ticking took 184 ms
[14:19:49] [Client thread/INFO]: Warning: Clientside chunk ticking took 119 ms
[14:19:49] [Client thread/INFO]: Warning: Clientside chunk ticking took 167 ms
[14:21:08] [Client thread/INFO]: Warning: Clientside chunk ticking took 195 ms
[14:21:11] [Client thread/INFO]: Warning: Clientside chunk ticking took 196 ms
[14:21:17] [Client thread/INFO]: Warning: Clientside chunk ticking took 194 ms
[14:21:26] [Client thread/INFO]: Warning: Clientside chunk ticking took 194 ms
[14:21:27] [Client thread/INFO]: Warning: Clientside chunk ticking took 202 ms
[14:21:27] [Client thread/INFO]: Warning: Clientside chunk ticking took 197 ms
[14:21:29] [Client thread/INFO]: Warning: Clientside chunk ticking took 265 ms
[14:21:32] [Client thread/INFO]: Warning: Clientside chunk ticking took 205 ms
[14:21:56] [Client thread/INFO]: Warning: Clientside chunk ticking took 155 ms
[14:22:24] [Server thread/INFO]: Saving and pausing game...
[14:22:24] [Server thread/INFO]: Saving chunks for level 'New World'/Overworld
[14:22:24] [Server thread/INFO]: Saving chunks for level 'New World'/Nether
[14:22:24] [Server thread/INFO]: Saving chunks for level 'New World'/The End
[14:22:25] [Server thread/INFO]: Stopping server
[14:22:25] [Server thread/INFO]: Saving players
[14:22:25] [Server thread/INFO]: Saving worlds
[14:22:25] [Server thread/INFO]: Saving chunks for level 'New World'/Overworld
[14:22:25] [Server thread/INFO]: Saving chunks for level 'New World'/Nether
[14:22:25] [Server thread/INFO]: Saving chunks for level 'New World'/The End
[14:22:28] [Client thread/INFO]: Stopping!
